0 info it worked if it ends with ok
1 verbose cli [ 'C:\\Program Files (x86)\\nodejs\\\\node.exe',
1 verbose cli   'C:\\Program Files (x86)\\nodejs\\node_modules\\npm\\bin\\npm-cli.js',
1 verbose cli   'install',
1 verbose cli   'body-parserxd' ]
2 info using npm@1.4.28
3 info using node@v0.10.35
4 verbose node symlink C:\Program Files (x86)\nodejs\\node.exe
5 verbose readDependencies using package.json deps
6 verbose cache add [ 'body-parserxd', null ]
7 verbose cache add name=undefined spec="body-parserxd" args=["body-parserxd",null]
8 verbose parsed url { protocol: null,
8 verbose parsed url   slashes: null,
8 verbose parsed url   auth: null,
8 verbose parsed url   host: null,
8 verbose parsed url   port: null,
8 verbose parsed url   hostname: null,
8 verbose parsed url   hash: null,
8 verbose parsed url   search: null,
8 verbose parsed url   query: null,
8 verbose parsed url   pathname: 'body-parserxd',
8 verbose parsed url   path: 'body-parserxd',
8 verbose parsed url   href: 'body-parserxd' }
9 silly lockFile 50f9c409-body-parserxd body-parserxd
10 verbose lock body-parserxd C:\Users\arun.thakur\AppData\Roaming\npm-cache\50f9c409-body-parserxd.lock
11 silly lockFile 50f9c409-body-parserxd body-parserxd
12 silly lockFile 50f9c409-body-parserxd body-parserxd
13 verbose addNamed [ 'body-parserxd', '' ]
14 verbose addNamed [ null, '*' ]
15 silly lockFile fb2a0221-body-parserxd body-parserxd@
16 verbose lock body-parserxd@ C:\Users\arun.thakur\AppData\Roaming\npm-cache\fb2a0221-body-parserxd.lock
17 silly addNameRange { name: 'body-parserxd', range: '*', hasData: false }
18 verbose request where is /body-parserxd
19 verbose request registry https://registry.npmjs.org/
20 verbose request id 689e00e5abd93538
21 verbose url raw /body-parserxd
22 verbose url resolving [ 'https://registry.npmjs.org/', './body-parserxd' ]
23 verbose url resolved https://registry.npmjs.org/body-parserxd
24 verbose request where is https://registry.npmjs.org/body-parserxd
25 info trying registry request attempt 1 at 17:30:29
26 http GET https://registry.npmjs.org/body-parserxd
27 http 404 https://registry.npmjs.org/body-parserxd
28 verbose headers { date: 'Fri, 09 Jan 2015 11:55:05 GMT',
28 verbose headers   server: 'CouchDB/1.5.0 (Erlang OTP/R16B03)',
28 verbose headers   'content-type': 'application/json',
28 verbose headers   'cache-control': 'max-age=0',
28 verbose headers   'content-length': '52',
28 verbose headers   'accept-ranges': 'bytes',
28 verbose headers   via: '1.1 varnish',
28 verbose headers   age: '0',
28 verbose headers   'x-served-by': 'cache-sn86-SIN',
28 verbose headers   'x-cache': 'MISS',
28 verbose headers   'x-cache-hits': '0',
28 verbose headers   'x-timer': 'S1420804504.336516,VS0,VE973',
28 verbose headers   'keep-alive': 'timeout=10, max=50',
28 verbose headers   connection: 'Keep-Alive' }
29 silly registry.get cb [ 404,
29 silly registry.get   { date: 'Fri, 09 Jan 2015 11:55:05 GMT',
29 silly registry.get     server: 'CouchDB/1.5.0 (Erlang OTP/R16B03)',
29 silly registry.get     'content-type': 'application/json',
29 silly registry.get     'cache-control': 'max-age=0',
29 silly registry.get     'content-length': '52',
29 silly registry.get     'accept-ranges': 'bytes',
29 silly registry.get     via: '1.1 varnish',
29 silly registry.get     age: '0',
29 silly registry.get     'x-served-by': 'cache-sn86-SIN',
29 silly registry.get     'x-cache': 'MISS',
29 silly registry.get     'x-cache-hits': '0',
29 silly registry.get     'x-timer': 'S1420804504.336516,VS0,VE973',
29 silly registry.get     'keep-alive': 'timeout=10, max=50',
29 silly registry.get     connection: 'Keep-Alive' } ]
30 silly lockFile fb2a0221-body-parserxd body-parserxd@
31 silly lockFile fb2a0221-body-parserxd body-parserxd@
32 error 404 404 Not Found: body-parserxd
32 error 404
32 error 404 'body-parserxd' is not in the npm registry.
32 error 404 You should bug the author to publish it
32 error 404 It was specified as a dependency of 'samplenode'
32 error 404
32 error 404 Note that you can also install from a
32 error 404 tarball, folder, or http url, or git url.
33 error System Windows_NT 6.2.9200
34 error command "C:\\Program Files (x86)\\nodejs\\\\node.exe" "C:\\Program Files (x86)\\nodejs\\node_modules\\npm\\bin\\npm-cli.js" "install" "body-parserxd"
35 error cwd D:\NODE\Beggining\samplenode\samplenode
36 error node -v v0.10.35
37 error npm -v 1.4.28
38 error code E404
39 verbose exit [ 1, true ]
